Build started 31/3/2020 9:55:01 a. m..
     1>Project "c:\Users\HP FX\documents\visual studio 2010\Projects\vector clase\vector clase\vector clase.vcxproj" on node 2 (build target(s)).
     1>InitializeBuildStatus:
         Creating "Debug\vector clase.unsuccessfulbuild" because "AlwaysCreate" was specified.
       ClCompile:
         All outputs are up-to-date.
         C:\Program Files (x86)\Microsoft Visual Studio 10.0\VC\bin\CL.exe /c /ZI /nologo /W3 /WX- /Od /Oy- /D WIN32 /D _DEBUG /D _CONSOLE /D _UNICODE /D UNICODE /Gm /EHsc /RTC1 /MDd /GS /fp:precise /Zc:wchar_t /Zc:forScope /Yu"StdAfx.h" /Fp"Debug\vector clase.pch" /Fo"Debug\\" /Fd"Debug\vc100.pdb" /Gd /TP /analyze- /errorReport:prompt numero.cpp
         numero.cpp
       ManifestResourceCompile:
         All outputs are up-to-date.
       Link:
         C:\Program Files (x86)\Microsoft Visual Studio 10.0\VC\bin\link.exe /ERRORREPORT:PROMPT /OUT:"c:\users\hp fx\documents\visual studio 2010\Projects\vector clase\Debug\vector clase.exe" /INCREMENTAL /NOLOGO kernel32.lib user32.lib gdi32.lib winspool.lib comdlg32.lib advapi32.lib shell32.lib ole32.lib oleaut32.lib uuid.lib odbc32.lib odbccp32.lib /MANIFEST /ManifestFile:"Debug\vector clase.exe.intermediate.manifest" /MANIFESTUAC:"level='asInvoker' uiAccess='false'" /DEBUG /PDB:"c:\users\hp fx\documents\visual studio 2010\Projects\vector clase\Debug\vector clase.pdb" /SUBSYSTEM:CONSOLE /TLBID:1 /DYNAMICBASE /NXCOMPAT /IMPLIB:"c:\users\hp fx\documents\visual studio 2010\Projects\vector clase\Debug\vector clase.lib" /MACHINE:X86 "Debug\vector clase.exe.embed.manifest.res"
         Debug\numero.obj
         Debug\stdafx.obj
         "Debug\vector clase.obj"
       Manifest:
         C:\Program Files (x86)\Microsoft SDKs\Windows\v7.0A\bin\mt.exe /nologo /verbose /out:"Debug\vector clase.exe.embed.manifest" /manifest "Debug\vector clase.exe.intermediate.manifest"
         All outputs are up-to-date.
       LinkEmbedManifest:
         All outputs are up-to-date.
         vector clase.vcxproj -> c:\users\hp fx\documents\visual studio 2010\Projects\vector clase\Debug\vector clase.exe
       FinalizeBuildStatus:
         Deleting file "Debug\vector clase.unsuccessfulbuild".
         Touching "Debug\vector clase.lastbuildstate".
     1>Done Building Project "c:\Users\HP FX\documents\visual studio 2010\Projects\vector clase\vector clase\vector clase.vcxproj" (build target(s)).

Build succeeded.

Time Elapsed 00:00:02.43
